2025-04-05 08:58:00 | WARN | repo=course-sys-int-systems | action=commit
2025-03-03 09:38:00 | WARN | repo=course-sys-int-systems | action=edit | files=3
2025-09-03 20:41:00 | DEBUG | repo=course-sys-int-systems | action=commit
2025-07-05 14:02:00 | INFO | repo=course-sys-int-systems | action=commit
2025-07-03 09:37:00 | WARN | repo=course-sys-int-systems | action=commit
2025-03-21 09:22:00 | INFO | repo=course-sys-int-systems | action=commit
2025-07-13 20:54:00 | INFO | repo=course-sys-int-systems | action=pull
2025-10-06 11:42:00 | WARN | repo=course-sys-int-systems | action=commit
2025-04-16 11:42:00 | DEBUG | repo=course-sys-int-systems | action=commit
2025-07-05 15:41:00 | INFO | repo=course-sys-int-systems | action=commit
2025-05-23 18:48:00 | WARN | repo=course-sys-int-systems | action=commit
2025-10-16 08:24:00 | INFO | repo=course-sys-int-systems | action=test | passed=true
2025-05-15 21:14:00 | WARN | repo=course-sys-int-systems | action=commit
2025-06-14 13:09:00 | WARN | repo=course-sys-int-systems | action=commit
2025-03-12 19:55:00 | WARN | repo=course-sys-int-systems | action=commit
2025-12-09 16:51:00 | INFO | repo=course-sys-int-systems | action=commit
2025-01-28 10:00:00 | INFO | repo=course-sys-int-systems | action=commit
2025-04-04 21:15:00 | INFO | repo=course-sys-int-systems | action=pull
2025-07-08 16:52:00 | DEBUG | repo=course-sys-int-systems | action=commit
2025-06-26 15:40:00 | WARN | repo=course-sys-int-systems | action=commit
2025-07-15 09:06:00 | WARN | repo=course-sys-int-systems | action=commit
2025-10-04 10:28:00 | INFO | repo=course-sys-int-systems | action=edit | files=5
2025-11-16 14:40:00 | DEBUG | repo=course-sys-int-systems | action=commit
2025-02-20 09:38:00 | WARN | repo=course-sys-int-systems | action=commit
2025-07-15 15:59:00 | DEBUG | repo=course-sys-int-systems | action=pull
2025-01-10 20:01:00 | DEBUG | repo=course-sys-int-systems | action=commit
2025-03-04 19:52:00 | INFO | repo=course-sys-int-systems | action=commit
2025-03-17 16:46:00 | DEBUG | repo=course-sys-int-systems | action=commit
2025-11-22 11:18:00 | WARN | repo=course-sys-int-systems | action=commit
2025-06-26 07:20:00 | WARN | repo=course-sys-int-systems | action=commit
2025-09-09 19:02:00 | INFO | repo=course-sys-int-systems | action=commit
2025-06-15 18:38:00 | DEBUG | repo=course-sys-int-systems | action=commit
2025-05-19 08:55:00 | WARN | repo=course-sys-int-systems | action=commit
2025-05-07 19:04:00 | WARN | repo=course-sys-int-systems | action=commit
2025-02-16 12:15:00 | WARN | repo=course-sys-int-systems | action=commit
2025-11-03 20:01:00 | DEBUG | repo=course-sys-int-systems | action=commit
2025-07-05 16:25:00 | WARN | repo=course-sys-int-systems | action=commit
2025-05-28 16:47:00 | WARN | repo=course-sys-int-systems | action=pull
2025-04-05 07:28:00 | INFO | repo=course-sys-int-systems | action=commit
2025-12-02 09:34:00 | WARN | repo=course-sys-int-systems | action=commit
2025-11-10 19:21:00 | INFO | repo=course-sys-int-systems | action=commit
2025-05-23 07:28:00 | WARN | repo=course-sys-int-systems | action=commit
